<?xml version="1.0" encoding="UTF-8"?>
<!-- Generated by org.testng.reporters.JUnitReportReporter -->
<testsuite hostname="Asus_Deepak" failures="0" tests="1" name="com.DeepakSalla.tests.ui.ExampleUiTest" time="0.901" errors="0" timestamp="2025-07-01T18:37:29 IST" skipped="0">
  <testcase classname="com.DeepakSalla.tests.ui.ExampleUiTest" name="openExampleDotCom" time="0.901"/>
</testsuite> <!-- com.DeepakSalla.tests.ui.ExampleUiTest -->
