<?xml version="1.0" encoding="UTF-8"?>
<!-- Generated by org.testng.reporters.JUnitReportReporter -->
<testsuite hostname="Asus_Deepak" failures="0" tests="1" name="com.DeepakSalla.tests.api.ExampleApiTest" time="1.628" errors="0" timestamp="2025-07-01T19:43:22 IST" skipped="0">
  <testcase classname="com.DeepakSalla.tests.api.ExampleApiTest" name="getPostById" time="1.628"/>
</testsuite> <!-- com.DeepakSalla.tests.api.ExampleApiTest -->
