<?xml version="1.0" encoding="UTF-8"?>
<!-- Generated by org.testng.reporters.JUnitReportReporter -->
<testsuite hostname="Asus_Deepak" failures="0" tests="1" name="com.DeepakSalla.tests.db.ExampleDbTest" time="0.008" errors="0" timestamp="2025-07-01T19:43:22 IST" skipped="0">
  <testcase classname="com.DeepakSalla.tests.db.ExampleDbTest" name="verifyUserInDb" time="0.008"/>
</testsuite> <!-- com.DeepakSalla.tests.db.ExampleDbTest -->
